<?xml version="1.0" encoding="UTF-8"?>
<testng-results skipped="0" failed="0" ignored="0" total="1" passed="1">
  <reporter-output>
  </reporter-output>
  <suite name="Default suite" duration-ms="6454" started-at="2017-11-28T12:32:28Z" finished-at="2017-11-28T12:32:34Z">
    <groups>
    </groups>
    <test name="Default test" duration-ms="6454" started-at="2017-11-28T12:32:28Z" finished-at="2017-11-28T12:32:34Z">
      <class name="com.automation.FirstClass">
        <test-method status="PASS" signature="firstTest()[pri:0, instance:com.automation.FirstClass@5f375618]" name="firstTest" duration-ms="6435" started-at="2017-11-28T17:32:28Z" finished-at="2017-11-28T17:32:34Z">
          <reporter-output>
          </reporter-output>
        </test-method> <!-- firstTest -->
      </class> <!-- com.automation.FirstClass -->
    </test> <!-- Default test -->
  </suite> <!-- Default suite -->
</testng-results>
